# JRE version: Java(TM) SE Runtime Environment (8.0_25-b18) (build 1.8.0_25-b18)
# Java VM: Java HotSpot(TM) 64-Bit Server VM (25.25-b02 mixed mode windows-amd64 compressed oops)
Heap:
 PSYoungGen      total 76288K, used 13902K [0x000000076b200000, 0x0000000770700000, 0x00000007c0000000)
  eden space 65536K, 14% used [0x000000076b200000,0x000000076bb10410,0x000000076f200000)
  from space 10752K, 42% used [0x000000076f200000,0x000000076f683670,0x000000076fc80000)
  to   space 10752K, 0% used [0x000000076fc80000,0x000000076fc80000,0x0000000770700000)
 ParOldGen       total 124928K, used 9202K [0x00000006c1600000, 0x00000006c9000000, 0x000000076b200000)
  object space 124928K, 7% used [0x00000006c1600000,0x00000006c1efc9b8,0x00000006c9000000)
 Metaspace       used 27331K, capacity 28832K, committed 29184K, reserved 1075200K
  class space    used 3706K, capacity 3971K, committed 4096K, reserved 1048576K
GC Heap History (8 events):
Event: 2.256 GC heap before
{Heap before GC invocations=1 (full 0):
 PSYoungGen      total 76288K, used 62358K [0x000000076b200000, 0x0000000770700000, 0x00000007c0000000)
  eden space 65536K, 95% used [0x000000076b200000,0x000000076eee5a30,0x000000076f200000)
  from space 10752K, 0% used [0x000000076fc80000,0x000000076fc80000,0x0000000770700000)
  to   space 10752K, 0% used [0x000000076f200000,0x000000076f200000,0x000000076fc80000)
 ParOldGen       total 175104K, used 0K [0x00000006c1600000, 0x00000006cc100000, 0x000000076b200000)
  object space 175104K, 0% used [0x00000006c1600000,0x00000006c1600000,0x00000006cc100000)
 Metaspace       used 19886K, capacity 21112K, committed 21248K, reserved 1067008K
  class space    used 2978K, capacity 3201K, committed 3328K, reserved 1048576K
Event: 2.267 GC heap after
Heap after GC invocations=1 (full 0):
 PSYoungGen      total 76288K, used 10737K [0x000000076b200000, 0x0000000770700000, 0x00000007c0000000)
  eden space 65536K, 0% used [0x000000076b200000,0x000000076b200000,0x000000076f200000)
  from space 10752K, 99% used [0x000000076f200000,0x000000076fc7c5d0,0x000000076fc80000)
  to   space 10752K, 0% used [0x000000076fc80000,0x000000076fc80000,0x0000000770700000)
 ParOldGen       total 175104K, used 690K [0x00000006c1600000, 0x00000006cc100000, 0x000000076b200000)
  object space 175104K, 0% used [0x00000006c1600000,0x00000006c16acac8,0x00000006cc100000)
 Metaspace       used 19886K, capacity 21112K, committed 21248K, reserved 1067008K
  class space    used 2978K, capacity 3201K, committed 3328K, reserved 1048576K
}
Event: 2.267 GC heap before
{Heap before GC invocations=2 (full 1):
 PSYoungGen      total 76288K, used 10737K [0x000000076b200000, 0x0000000770700000, 0x00000007c0000000)
  eden space 65536K, 0% used [0x000000076b200000,0x000000076b200000,0x000000076f200000)
  from space 10752K, 99% used [0x000000076f200000,0x000000076fc7c5d0,0x000000076fc80000)
  to   space 10752K, 0% used [0x000000076fc80000,0x000000076fc80000,0x0000000770700000)
 ParOldGen       total 175104K, used 690K [0x00000006c1600000, 0x00000006cc100000, 0x000000076b200000)
  object space 175104K, 0% used [0x00000006c1600000,0x00000006c16acac8,0x00000006cc100000)
 Metaspace       used 19886K, capacity 21112K, committed 21248K, reserved 1067008K
  class space    used 2978K, capacity 3201K, committed 3328K, reserved 1048576K
Event: 2.298 GC heap after
Heap after GC invocations=2 (full 1):
 PSYoungGen      total 76288K, used 0K [0x000000076b200000, 0x0000000770700000, 0x00000007c0000000)
  eden space 65536K, 0% used [0x000000076b200000,0x000000076b200000,0x000000076f200000)
  from space 10752K, 0% used [0x000000076f200000,0x000000076f200000,0x000000076fc80000)
  to   space 10752K, 0% used [0x000000076fc80000,0x000000076fc80000,0x0000000770700000)
 ParOldGen       total 124928K, used 9186K [0x00000006c1600000, 0x00000006c9000000, 0x000000076b200000)
  object space 124928K, 7% used [0x00000006c1600000,0x00000006c1ef89b8,0x00000006c9000000)
 Metaspace       used 19885K, capacity 21110K, committed 21248K, reserved 1067008K
  class space    used 2978K, capacity 3200K, committed 3328K, reserved 1048576K
}
Event: 25.715 GC heap before
{Heap before GC invocations=3 (full 1):
 PSYoungGen      total 76288K, used 65536K [0x000000076b200000, 0x0000000770700000, 0x00000007c0000000)
  eden space 65536K, 100% used [0x000000076b200000,0x000000076f200000,0x000000076f200000)
  from space 10752K, 0% used [0x000000076f200000,0x000000076f200000,0x000000076fc80000)
  to   space 10752K, 0% used [0x000000076fc80000,0x000000076fc80000,0x0000000770700000)
 ParOldGen       total 124928K, used 9186K [0x00000006c1600000, 0x00000006c9000000, 0x000000076b200000)
  object space 124928K, 7% used [0x00000006c1600000,0x00000006c1ef89b8,0x00000006c9000000)
 Metaspace       used 26518K, capacity 27982K, committed 28032K, reserved 1073152K
  class space    used 3685K, capacity 3958K, committed 3968K, reserved 1048576K
Event: 25.730 GC heap after
Heap after GC invocations=3 (full 1):
 PSYoungGen      total 76288K, used 8135K [0x000000076b200000, 0x0000000771180000, 0x00000007c0000000)
  eden space 65536K, 0% used [0x000000076b200000,0x000000076b200000,0x000000076f200000)
  from space 10752K, 75% used [0x000000076fc80000,0x0000000770471c30,0x0000000770700000)
  to   space 10752K, 0% used [0x000000076f200000,0x000000076f200000,0x000000076fc80000)
 ParOldGen       total 124928K, used 9194K [0x00000006c1600000, 0x00000006c9000000, 0x000000076b200000)
  object space 124928K, 7% used [0x00000006c1600000,0x00000006c1efa9b8,0x00000006c9000000)
 Metaspace       used 26518K, capacity 27982K, committed 28032K, reserved 1073152K
  class space    used 3685K, capacity 3958K, committed 3968K, reserved 1048576K
}
Event: 63.352 GC heap before
{Heap before GC invocations=4 (full 1):
 PSYoungGen      total 76288K, used 73671K [0x000000076b200000, 0x0000000771180000, 0x00000007c0000000)
  eden space 65536K, 100% used [0x000000076b200000,0x000000076f200000,0x000000076f200000)
  from space 10752K, 75% used [0x000000076fc80000,0x0000000770471c30,0x0000000770700000)
  to   space 10752K, 0% used [0x000000076f200000,0x000000076f200000,0x000000076fc80000)
 ParOldGen       total 124928K, used 9194K [0x00000006c1600000, 0x00000006c9000000, 0x000000076b200000)
  object space 124928K, 7% used [0x00000006c1600000,0x00000006c1efa9b8,0x00000006c9000000)
 Metaspace       used 27320K, capacity 28832K, committed 29184K, reserved 1075200K
  class space    used 3706K, capacity 3971K, committed 4096K, reserved 1048576K
Event: 63.359 GC heap after
Heap after GC invocations=4 (full 1):
 PSYoungGen      total 76288K, used 4621K [0x000000076b200000, 0x0000000770700000, 0x00000007c0000000)
  eden space 65536K, 0% used [0x000000076b200000,0x000000076b200000,0x000000076f200000)
  from space 10752K, 42% used [0x000000076f200000,0x000000076f683670,0x000000076fc80000)
  to   space 10752K, 0% used [0x000000076fc80000,0x000000076fc80000,0x0000000770700000)
 ParOldGen       total 124928K, used 9202K [0x00000006c1600000, 0x00000006c9000000, 0x000000076b200000)
  object space 124928K, 7% used [0x00000006c1600000,0x00000006c1efc9b8,0x00000006c9000000)
 Metaspace       used 27320K, capacity 28832K, committed 29184K, reserved 1075200K
  class space    used 3706K, capacity 3971K, committed 4096K, reserved 1048576K
}

