# JRE version: Java(TM) SE Runtime Environment (8.0_25-b18) (build 1.8.0_25-b18)
# Java VM: Java HotSpot(TM) 64-Bit Server VM (25.25-b02 mixed mode windows-amd64 compressed oops)
Heap:
 PSYoungGen      total 153088K, used 88206K [0x0000000715a00000, 0x0000000720480000, 0x00000007c0000000)
  eden space 131584K, 63% used [0x0000000715a00000,0x000000071ab297c8,0x000000071da80000)
  from space 21504K, 23% used [0x000000071ef80000,0x000000071f47a060,0x0000000720480000)
  to   space 21504K, 0% used [0x000000071da80000,0x000000071da80000,0x000000071ef80000)
 ParOldGen       total 251904K, used 9336K [0x00000005c0e00000, 0x00000005d0400000, 0x0000000715a00000)
  object space 251904K, 3% used [0x00000005c0e00000,0x00000005c171e070,0x00000005d0400000)
 Metaspace       used 25042K, capacity 26390K, committed 26624K, reserved 1073152K
  class space    used 3508K, capacity 3738K, committed 3840K, reserved 1048576K
GC Heap History (10 events):
Event: 3.932 GC heap before
{Heap before GC invocations=1 (full 0):
 PSYoungGen      total 153088K, used 78456K [0x0000000715a00000, 0x0000000720480000, 0x00000007c0000000)
  eden space 131584K, 59% used [0x0000000715a00000,0x000000071a69e2a0,0x000000071da80000)
  from space 21504K, 0% used [0x000000071ef80000,0x000000071ef80000,0x0000000720480000)
  to   space 21504K, 0% used [0x000000071da80000,0x000000071da80000,0x000000071ef80000)
 ParOldGen       total 349696K, used 0K [0x00000005c0e00000, 0x00000005d6380000, 0x0000000715a00000)
  object space 349696K, 0% used [0x00000005c0e00000,0x00000005c0e00000,0x00000005d6380000)
 Metaspace       used 19852K, capacity 21176K, committed 21248K, reserved 1067008K
  class space    used 2989K, capacity 3261K, committed 3328K, reserved 1048576K
Event: 3.939 GC heap after
Heap after GC invocations=1 (full 0):
 PSYoungGen      total 153088K, used 11510K [0x0000000715a00000, 0x0000000720480000, 0x00000007c0000000)
  eden space 131584K, 0% used [0x0000000715a00000,0x0000000715a00000,0x000000071da80000)
  from space 21504K, 53% used [0x000000071da80000,0x000000071e5bd978,0x000000071ef80000)
  to   space 21504K, 0% used [0x000000071ef80000,0x000000071ef80000,0x0000000720480000)
 ParOldGen       total 349696K, used 96K [0x00000005c0e00000, 0x00000005d6380000, 0x0000000715a00000)
  object space 349696K, 0% used [0x00000005c0e00000,0x00000005c0e18010,0x00000005d6380000)
 Metaspace       used 19852K, capacity 21176K, committed 21248K, reserved 1067008K
  class space    used 2989K, capacity 3261K, committed 3328K, reserved 1048576K
}
Event: 3.939 GC heap before
{Heap before GC invocations=2 (full 1):
 PSYoungGen      total 153088K, used 11510K [0x0000000715a00000, 0x0000000720480000, 0x00000007c0000000)
  eden space 131584K, 0% used [0x0000000715a00000,0x0000000715a00000,0x000000071da80000)
  from space 21504K, 53% used [0x000000071da80000,0x000000071e5bd978,0x000000071ef80000)
  to   space 21504K, 0% used [0x000000071ef80000,0x000000071ef80000,0x0000000720480000)
 ParOldGen       total 349696K, used 96K [0x00000005c0e00000, 0x00000005d6380000, 0x0000000715a00000)
  object space 349696K, 0% used [0x00000005c0e00000,0x00000005c0e18010,0x00000005d6380000)
 Metaspace       used 19852K, capacity 21176K, committed 21248K, reserved 1067008K
  class space    used 2989K, capacity 3261K, committed 3328K, reserved 1048576K
Event: 3.972 GC heap after
Heap after GC invocations=2 (full 1):
 PSYoungGen      total 153088K, used 0K [0x0000000715a00000, 0x0000000720480000, 0x00000007c0000000)
  eden space 131584K, 0% used [0x0000000715a00000,0x0000000715a00000,0x000000071da80000)
  from space 21504K, 0% used [0x000000071da80000,0x000000071da80000,0x000000071ef80000)
  to   space 21504K, 0% used [0x000000071ef80000,0x000000071ef80000,0x0000000720480000)
 ParOldGen       total 251904K, used 9312K [0x00000005c0e00000, 0x00000005d0400000, 0x0000000715a00000)
  object space 251904K, 3% used [0x00000005c0e00000,0x00000005c1718070,0x00000005d0400000)
 Metaspace       used 19850K, capacity 21174K, committed 21248K, reserved 1067008K
  class space    used 2988K, capacity 3260K, committed 3328K, reserved 1048576K
}
Event: 9.665 GC heap before
{Heap before GC invocations=3 (full 1):
 PSYoungGen      total 153088K, used 130841K [0x0000000715a00000, 0x0000000720480000, 0x00000007c0000000)
  eden space 131584K, 99% used [0x0000000715a00000,0x000000071d9c6690,0x000000071da80000)
  from space 21504K, 0% used [0x000000071da80000,0x000000071da80000,0x000000071ef80000)
  to   space 21504K, 0% used [0x000000071ef80000,0x000000071ef80000,0x0000000720480000)
 ParOldGen       total 251904K, used 9312K [0x00000005c0e00000, 0x00000005d0400000, 0x0000000715a00000)
  object space 251904K, 3% used [0x00000005c0e00000,0x00000005c1718070,0x00000005d0400000)
 Metaspace       used 24308K, capacity 25608K, committed 25728K, reserved 1071104K
  class space    used 3462K, capacity 3687K, committed 3712K, reserved 1048576K
Event: 9.667 GC heap after
Heap after GC invocations=3 (full 1):
 PSYoungGen      total 153088K, used 5069K [0x0000000715a00000, 0x0000000720480000, 0x00000007c0000000)
  eden space 131584K, 0% used [0x0000000715a00000,0x0000000715a00000,0x000000071da80000)
  from space 21504K, 23% used [0x000000071ef80000,0x000000071f473660,0x0000000720480000)
  to   space 21504K, 0% used [0x000000071da80000,0x000000071da80000,0x000000071ef80000)
 ParOldGen       total 251904K, used 9320K [0x00000005c0e00000, 0x00000005d0400000, 0x0000000715a00000)
  object space 251904K, 3% used [0x00000005c0e00000,0x00000005c171a070,0x00000005d0400000)
 Metaspace       used 24308K, capacity 25608K, committed 25728K, reserved 1071104K
  class space    used 3462K, capacity 3687K, committed 3712K, reserved 1048576K
}
Event: 11.632 GC heap before
{Heap before GC invocations=4 (full 1):
 PSYoungGen      total 153088K, used 136653K [0x0000000715a00000, 0x0000000720480000, 0x00000007c0000000)
  eden space 131584K, 100% used [0x0000000715a00000,0x000000071da80000,0x000000071da80000)
  from space 21504K, 23% used [0x000000071ef80000,0x000000071f473660,0x0000000720480000)
  to   space 21504K, 0% used [0x000000071da80000,0x000000071da80000,0x000000071ef80000)
 ParOldGen       total 251904K, used 9320K [0x00000005c0e00000, 0x00000005d0400000, 0x0000000715a00000)
  object space 251904K, 3% used [0x00000005c0e00000,0x00000005c171a070,0x00000005d0400000)
 Metaspace       used 24340K, capacity 25676K, committed 25984K, reserved 1071104K
  class space    used 3462K, capacity 3687K, committed 3712K, reserved 1048576K
Event: 11.634 GC heap after
Heap after GC invocations=4 (full 1):
 PSYoungGen      total 153088K, used 5128K [0x0000000715a00000, 0x0000000720480000, 0x00000007c0000000)
  eden space 131584K, 0% used [0x0000000715a00000,0x0000000715a00000,0x000000071da80000)
  from space 21504K, 23% used [0x000000071da80000,0x000000071df82060,0x000000071ef80000)
  to   space 21504K, 0% used [0x000000071ef80000,0x000000071ef80000,0x0000000720480000)
 ParOldGen       total 251904K, used 9328K [0x00000005c0e00000, 0x00000005d0400000, 0x0000000715a00000)
  object space 251904K, 3% used [0x00000005c0e00000,0x00000005c171c070,0x00000005d0400000)
 Metaspace       used 24340K, capacity 25676K, committed 25984K, reserved 1071104K
  class space    used 3462K, capacity 3687K, committed 3712K, reserved 1048576K
}
Event: 13.617 GC heap before
{Heap before GC invocations=5 (full 1):
 PSYoungGen      total 153088K, used 136712K [0x0000000715a00000, 0x0000000720480000, 0x00000007c0000000)
  eden space 131584K, 100% used [0x0000000715a00000,0x000000071da80000,0x000000071da80000)
  from space 21504K, 23% used [0x000000071da80000,0x000000071df82060,0x000000071ef80000)
  to   space 21504K, 0% used [0x000000071ef80000,0x000000071ef80000,0x0000000720480000)
 ParOldGen       total 251904K, used 9328K [0x00000005c0e00000, 0x00000005d0400000, 0x0000000715a00000)
  object space 251904K, 3% used [0x00000005c0e00000,0x00000005c171c070,0x00000005d0400000)
 Metaspace       used 24397K, capacity 25740K, committed 25984K, reserved 1071104K
  class space    used 3463K, capacity 3687K, committed 3712K, reserved 1048576K
Event: 13.618 GC heap after
Heap after GC invocations=5 (full 1):
 PSYoungGen      total 153088K, used 5096K [0x0000000715a00000, 0x0000000720480000, 0x00000007c0000000)
  eden space 131584K, 0% used [0x0000000715a00000,0x0000000715a00000,0x000000071da80000)
  from space 21504K, 23% used [0x000000071ef80000,0x000000071f47a060,0x0000000720480000)
  to   space 21504K, 0% used [0x000000071da80000,0x000000071da80000,0x000000071ef80000)
 ParOldGen       total 251904K, used 9336K [0x00000005c0e00000, 0x00000005d0400000, 0x0000000715a00000)
  object space 251904K, 3% used [0x00000005c0e00000,0x00000005c171e070,0x00000005d0400000)
 Metaspace       used 24397K, capacity 25740K, committed 25984K, reserved 1071104K
  class space    used 3463K, capacity 3687K, committed 3712K, reserved 1048576K
}

